0 info it worked if it ends with ok
1 verbose cli [ '/usr/bin/nodejs', '/usr/bin/npm', 'run', 'tsc' ]
2 info using npm@3.10.8
3 info using node@v4.4.7
4 verbose run-script [ 'pretsc', 'tsc', 'posttsc' ]
5 info lifecycle open-foris-collect@4.0.0~pretsc: open-foris-collect@4.0.0
6 silly lifecycle open-foris-collect@4.0.0~pretsc: no script for pretsc, continuing
7 info lifecycle open-foris-collect@4.0.0~tsc: open-foris-collect@4.0.0
8 verbose lifecycle open-foris-collect@4.0.0~tsc: unsafe-perm in lifecycle true
9 verbose lifecycle open-foris-collect@4.0.0~tsc: PATH: /usr/lib/node_modules/npm/bin/node-gyp-bin:/home/ricci/dev/projects/openforis/collect/collect-web/collect-webapp/src/main/webapp/node_modules/.bin:/usr/local/heroku/bin:/opt/maven/bin:/usr/local/sbin:/usr/local/bin:/usr/sbin:/usr/bin:/sbin:/bin:/usr/games:/usr/local/games:/snap/bin
10 verbose lifecycle open-foris-collect@4.0.0~tsc: CWD: /home/ricci/dev/projects/openforis/collect/collect-web/collect-webapp/src/main/webapp
11 silly lifecycle open-foris-collect@4.0.0~tsc: Args: [ '-c', 'tsc' ]
12 silly lifecycle open-foris-collect@4.0.0~tsc: Returned: code: 2  signal: null
13 info lifecycle open-foris-collect@4.0.0~tsc: Failed to exec tsc script
14 verbose stack Error: open-foris-collect@4.0.0 tsc: `tsc`
14 verbose stack Exit status 2
14 verbose stack     at EventEmitter.<anonymous> (/usr/lib/node_modules/npm/lib/utils/lifecycle.js:255:16)
14 verbose stack     at emitTwo (events.js:87:13)
14 verbose stack     at EventEmitter.emit (events.js:172:7)
14 verbose stack     at ChildProcess.<anonymous> (/usr/lib/node_modules/npm/lib/utils/spawn.js:40:14)
14 verbose stack     at emitTwo (events.js:87:13)
14 verbose stack     at ChildProcess.emit (events.js:172:7)
14 verbose stack     at maybeClose (internal/child_process.js:827:16)
14 verbose stack     at Process.ChildProcess._handle.onexit (internal/child_process.js:211:5)
15 verbose pkgid open-foris-collect@4.0.0
16 verbose cwd /home/ricci/dev/projects/openforis/collect/collect-web/collect-webapp/src/main/webapp
17 error Linux 4.4.0-38-generic
18 error argv "/usr/bin/nodejs" "/usr/bin/npm" "run" "tsc"
19 error node v4.4.7
20 error npm  v3.10.8
21 error code ELIFECYCLE
22 error open-foris-collect@4.0.0 tsc: `tsc`
22 error Exit status 2
23 error Failed at the open-foris-collect@4.0.0 tsc script 'tsc'.
23 error Make sure you have the latest version of node.js and npm installed.
23 error If you do, this is most likely a problem with the open-foris-collect package,
23 error not with npm itself.
23 error Tell the author that this fails on your system:
23 error     tsc
23 error You can get information on how to open an issue for this project with:
23 error     npm bugs open-foris-collect
23 error Or if that isn't available, you can get their info via:
23 error     npm owner ls open-foris-collect
23 error There is likely additional logging output above.
24 verbose exit [ 1, true ]
